c:\users\blasterdinray\source\repos\tetris_\tetris_\debug\vc142.pdb
c:\users\blasterdinray\source\repos\tetris_\tetris_\debug\vc142.idb
c:\users\blasterdinray\source\repos\tetris_\tetris_\debug\main.obj
c:\users\blasterdinray\source\repos\tetris_\tetris_\debug\definition.obj
c:\users\blasterdinray\source\repos\tetris_\debug\tetris_.pdb
c:\users\blasterdinray\source\repos\tetris_\tetris_\debug\tetris_.tlog\cl.command.1.tlog
c:\users\blasterdinray\source\repos\tetris_\tetris_\debug\tetris_.tlog\cl.read.1.tlog
c:\users\blasterdinray\source\repos\tetris_\tetris_\debug\tetris_.tlog\cl.write.1.tlog
c:\users\blasterdinray\source\repos\tetris_\tetris_\debug\tetris_.tlog\link-cvtres.read.1.tlog
c:\users\blasterdinray\source\repos\tetris_\tetris_\debug\tetris_.tlog\link-cvtres.write.1.tlog
c:\users\blasterdinray\source\repos\tetris_\tetris_\debug\tetris_.tlog\link-rc.read.1.tlog
c:\users\blasterdinray\source\repos\tetris_\tetris_\debug\tetris_.tlog\link-rc.write.1.tlog
c:\users\blasterdinray\source\repos\tetris_\tetris_\debug\tetris_.tlog\link.15320-cvtres.read.1.tlog
c:\users\blasterdinray\source\repos\tetris_\tetris_\debug\tetris_.tlog\link.15320-cvtres.write.1.tlog
c:\users\blasterdinray\source\repos\tetris_\tetris_\debug\tetris_.tlog\link.15320-rc.read.1.tlog
c:\users\blasterdinray\source\repos\tetris_\tetris_\debug\tetris_.tlog\link.15320-rc.write.1.tlog
c:\users\blasterdinray\source\repos\tetris_\tetris_\debug\tetris_.tlog\link.15320.read.1.tlog
c:\users\blasterdinray\source\repos\tetris_\tetris_\debug\tetris_.tlog\link.15320.write.1.tlog
c:\users\blasterdinray\source\repos\tetris_\tetris_\debug\tetris_.tlog\link.command.1.tlog
c:\users\blasterdinray\source\repos\tetris_\tetris_\debug\tetris_.tlog\link.read.1.tlog
c:\users\blasterdinray\source\repos\tetris_\tetris_\debug\tetris_.tlog\link.write.1.tlog
